2024-09-06 13:54:18,423 - INFO - Tarea creada: Hola mundo
2024-09-06 13:54:21,465 - INFO - Listado de tareas consultado.
2024-09-06 17:28:33,673 - INFO - Listado de tareas consultado.
2024-09-06 17:29:11,213 - INFO - Tarea creada: Hola mundo 2
2024-09-06 17:29:13,796 - INFO - Listado de tareas consultado.
2024-09-06 17:29:39,687 - INFO - Estado de la tarea 'Hola mundo 2' actualizado a 'in_progress'.
2024-09-06 17:29:47,410 - INFO - Tarea eliminada: Hola mundo
2024-09-06 17:29:58,174 - INFO - Tarea creada: A
2024-09-06 17:29:59,959 - INFO - Listado de tareas consultado.
2024-09-06 18:29:00,901 - INFO - Tarea creada: A
2024-09-06 18:29:03,439 - INFO - Listado de tareas consultado.
2024-09-06 18:29:21,555 - INFO - Tarea eliminada: A
2024-09-06 18:29:25,503 - INFO - Listado de tareas consultado.
2024-09-06 18:30:18,497 - INFO - Tarea creada: Hola mundo
2024-09-06 18:30:22,502 - INFO - Listado de tareas consultado.
2024-09-06 18:32:08,127 - ERROR - Error en el formato de la fecha. Use DD-MM-YYYY.
2024-09-06 18:32:08,132 - ERROR - Error al crear tarea: El formato de la fecha es incorrecto. Use DD-MM-YYYY.
2024-09-06 18:35:32,439 - INFO - Listado de tareas consultado.
2024-09-06 18:35:46,462 - ERROR - Intento de actualizar una tarea no existente.
2024-09-06 18:35:48,450 - INFO - Listado de tareas consultado.
2024-09-06 18:36:20,204 - INFO - Estado de la tarea 'Hola mundo' actualizado a 'En Progreso'.
2024-09-06 18:36:24,824 - INFO - Listado de tareas consultado.
2024-09-06 18:45:37,971 - INFO - Listado de tareas consultado.
2024-09-06 18:45:58,034 - INFO - Tarea eliminada: Hola mundo
2024-09-07 01:04:16 - ERROR - Error en autenticación: El usuario ya está registrado
2024-09-07 01:04:37 - INFO - Usuario 'ola' ha iniciado sesión.
2024-09-07 01:05:09 - INFO - Tarea creada: a
2024-09-07 01:05:19 - INFO - Listado de tareas consultado.
2024-09-07 01:05:39 - INFO - Estado de la tarea 'a' actualizado a 'en progreso'.
2024-09-07 01:05:52 - INFO - Tarea eliminada: a
2024-09-07 17:31:59 - INFO - Nuevo usuario registrado: SebastianBaeza
2024-09-07 17:32:10 - INFO - Usuario 'SebastianBaeza' ha iniciado sesión.
2024-09-07 17:32:13 - INFO - Listado de tareas consultado (sin tareas).
2024-09-07 17:33:00 - INFO - Tarea creada: wena
2024-09-07 17:33:04 - INFO - Listado de tareas consultado.
2024-09-07 19:00:07 - INFO - Usuario 'SebastianBaeza' ha iniciado sesión.
2024-09-07 19:00:29 - INFO - Tarea creada: Hola
2024-09-07 19:00:31 - INFO - Listado de tareas consultado.
2024-09-07 19:01:12 - INFO - Se ha cerrado sesión.
2024-09-07 19:01:46 - INFO - Usuario 'SebastianBaeza' ha iniciado sesión.
2024-09-07 19:02:03 - INFO - Filtro aplicado: etiqueta = urgente
2024-09-07 19:02:15 - INFO - No se encontraron tareas para el filtro: etiqueta = a
2024-09-07 19:02:22 - INFO - Se ha cerrado sesión.
2024-09-08 19:10:57 - INFO - Usuario 'ola' ha iniciado sesión.
2024-09-08 19:13:28 - INFO - Se ha cerrado sesión.
2024-09-08 19:20:22 - INFO - Usuario 'ola' ha iniciado sesión.
2024-09-08 19:20:25 - INFO - Listado de tareas consultado.
2024-09-08 19:20:50 - INFO - No se encontraron tareas para el filtro: estado = urgente
2024-09-08 19:21:09 - INFO - Filtro aplicado: estado = Pendiente
2024-09-08 19:21:26 - INFO - Filtro aplicado: etiqueta = urgente
2024-09-08 19:21:32 - INFO - Se ha cerrado sesión.
2024-09-08 19:43:15 - INFO - Usuario 'ola' ha iniciado sesión.
2024-09-08 19:43:18 - INFO - Listado de tareas consultado.
2024-09-08 19:43:36 - INFO - Filtros aplicados: etiqueta = urgente
2024-09-08 19:43:41 - INFO - Se ha cerrado sesión.
2024-09-08 19:43:54 - INFO - Usuario 'ola' ha iniciado sesión.
2024-09-08 19:44:36 - INFO - Tarea creada: holaaaaa
2024-09-08 19:44:46 - ERROR - Error en el formato de la fecha de búsqueda.
2024-09-08 19:45:22 - INFO - Listado de tareas consultado.
2024-09-08 19:54:27 - INFO - Se ha cerrado sesión.
08-09-2024 23:40:10 - INFO - Nuevo usuario registrado: a
08-09-2024 23:40:14 - INFO - Usuario 'a' ha iniciado sesión.
08-09-2024 23:40:44 - INFO - Tarea creada para a: a
08-09-2024 23:40:47 - INFO - Listado de tareas consultado para a.
08-09-2024 23:41:08 - INFO - Filtros aplicados para a: 
08-09-2024 23:43:12 - INFO - Se ha cerrado sesión.
08-09-2024 23:43:28 - INFO - Usuario 'a' ha iniciado sesión.
08-09-2024 23:43:44 - INFO - Tarea creada para a: b
08-09-2024 23:43:47 - INFO - Listado de tareas consultado para a.
08-09-2024 23:44:19 - INFO - Usuario 'a' ha iniciado sesión.
08-09-2024 23:44:24 - INFO - Filtros aplicados para a: titulo = b
08-09-2024 23:44:55 - INFO - Se ha cerrado sesión.
08-09-2024 23:50:16 - INFO - Usuario 'SebastianBaeza' ha iniciado sesión.
08-09-2024 23:50:43 - INFO - Tarea creada para SebastianBaeza: Hola Mundo!
09-09-2024 00:07:32 - INFO - Usuario 'SebastianBaeza' ha iniciado sesión.
09-09-2024 00:10:22 - INFO - Tarea creada para SebastianBaeza: Hola Mundo
09-09-2024 00:13:59 - ERROR - Error en el formato de la fecha de búsqueda para SebastianBaeza.
09-09-2024 00:14:11 - INFO - Filtros aplicados para SebastianBaeza: fecha = 03-08-2025
09-09-2024 00:16:58 - ERROR - Error en el formato de la fecha. Use DD-MM-YYYY.
09-09-2024 00:20:59 - INFO - Usuario 'SebastianBaeza' ha iniciado sesión.
09-09-2024 00:21:03 - INFO - Listado de tareas consultado para SebastianBaeza.
